---------------------------------------------------------------
[ 2021-05-29T16:23:34+08:00 ] 127.0.0.1 GET localhost/FastAdmin/public/admin/stat_ad_day?ref=addtabs
[运行时间：1.688144s] [吞吐率：0.59req/s] [内存消耗：3,884.05kb] [文件加载：133]
[ info ] [ BEHAVIOR ] Run Closure @app_init [ RunTime:0.000172s ]
[ info ] [ CACHE ] INIT File
[ info ] [ BEHAVIOR ] Run Closure @app_init [ RunTime:0.035383s ]
[ info ] [ LANG ] D:\phpstudy_pro\WWW\FastAdmin\thinkphp\lang\zh-cn.php
[ info ] [ ROUTE ] array (
  'type' => 'module',
  'module' => 
  array (
    0 => 'admin',
    1 => 'stat_ad_day',
    2 => NULL,
  ),
)
[ info ] [ HEADER ] array (
  'upgrade-insecure-requests' => '1',
  'cookie' => 'thinkphp_show_page_trace=0|4; thinkphp_show_page_trace=0|0; Hm_lvt_f8d0a8c400404989e195270b0bbf060a=1621487879,1622080678; PHPSESSID=967758ad5244d8b414a8b0473de50d79; language=zh; Hm_lpvt_f8d0a8c400404989e195270b0bbf060a=1622080678; Admin-Token=78ac1814-28f5-4b1c-bdfc-2c8098e7a118',
  'connection' => 'close',
  'accept-encoding' => 'gzip, deflate',
  'accept-language' => 'zh-CN,zh;q=0.8,zh-TW;q=0.7,zh-HK;q=0.5,en-US;q=0.3,en;q=0.2',
  'accept' => 'text/html,application/xhtml+xml,application/xml;q=0.9,image/webp,*/*;q=0.8',
  'user-agent' => 'Mozilla/5.0 (Windows NT 10.0; Win64; x64; rv:88.0) Gecko/20100101 Firefox/88.0',
  'host' => 'localhost',
)
[ info ] [ PARAM ] array (
  'ref' => 'addtabs',
)
[ info ] [ LANG ] D:\phpstudy_pro\WWW\FastAdmin\public/../application/admin\lang\zh-cn.php
[ info ] [ BEHAVIOR ] Run app\common\behavior\Common @module_init [ RunTime:0.022136s ]
[ info ] [ SESSION ] INIT array (
  'id' => '',
  'var_session_id' => '',
  'prefix' => 'think',
  'type' => '',
  'auto_start' => true,
)
[ info ] [ DB ] INIT mysql
[ info ] [ BEHAVIOR ] Run app\admin\behavior\AdminLog @app_end [ RunTime:0.006112s ]
[ info ] [ LOG ] INIT File
[ sql ] [ DB ] CONNECT:[ UseTime:0.041537s ] mysql:host=47.57.190.117;dbname=wm;charset=utf8
[ sql ] [ SQL ] SHOW COLUMNS FROM `sys_auth_group_access` [ RunTime:0.028281s ]
[ sql ] [ SQL ] SELECT `aga`.`uid`,`aga`.`group_id`,`ag`.`id`,`ag`.`pid`,`ag`.`name`,`ag`.`rules` FROM `sys_auth_group_access` `aga` LEFT JOIN `sys_auth_group` `ag` ON `aga`.`group_id`=`ag`.`id` WHERE  (  aga.uid='1' and ag.status='normal' ) [ RunTime:0.026973s ]
[ sql ] [ SQL ] SHOW COLUMNS FROM `sys_auth_rule` [ RunTime:0.031513s ]
[ sql ] [ SQL ] SELECT `id`,`pid`,`condition`,`icon`,`name`,`title`,`ismenu` FROM `sys_auth_rule` WHERE  `status` = 'normal' [ RunTime:0.028766s ]
---------------------------------------------------------------
[ 2021-05-29T16:23:34+08:00 ] 127.0.0.1 GET localhost/FastAdmin/public/admin/index/index
[运行时间：0.560949s] [吞吐率：1.78req/s] [内存消耗：4,475.13kb] [文件加载：149]
[ info ] [ BEHAVIOR ] Run Closure @app_init [ RunTime:0.000012s ]
[ info ] [ CACHE ] INIT File
[ info ] [ BEHAVIOR ] Run Closure @app_init [ RunTime:0.001277s ]
[ info ] [ LANG ] D:\phpstudy_pro\WWW\FastAdmin\thinkphp\lang\zh-cn.php
[ info ] [ ROUTE ] array (
  'type' => 'module',
  'module' => 
  array (
    0 => 'admin',
    1 => 'index',
    2 => 'index',
  ),
)
[ info ] [ HEADER ] array (
  'upgrade-insecure-requests' => '1',
  'cookie' => 'thinkphp_show_page_trace=0|0; thinkphp_show_page_trace=0|4; thinkphp_show_page_trace=0|0; Hm_lvt_f8d0a8c400404989e195270b0bbf060a=1621487879,1622080678; PHPSESSID=967758ad5244d8b414a8b0473de50d79; language=zh; Hm_lpvt_f8d0a8c400404989e195270b0bbf060a=1622080678; Admin-Token=78ac1814-28f5-4b1c-bdfc-2c8098e7a118',
  'connection' => 'close',
  'accept-encoding' => 'gzip, deflate',
  'accept-language' => 'zh-CN,zh;q=0.8,zh-TW;q=0.7,zh-HK;q=0.5,en-US;q=0.3,en;q=0.2',
  'accept' => 'text/html,application/xhtml+xml,application/xml;q=0.9,image/webp,*/*;q=0.8',
  'user-agent' => 'Mozilla/5.0 (Windows NT 10.0; Win64; x64; rv:88.0) Gecko/20100101 Firefox/88.0',
  'host' => 'localhost',
)
[ info ] [ PARAM ] array (
)
[ info ] [ LANG ] D:\phpstudy_pro\WWW\FastAdmin\public/../application/admin\lang\zh-cn.php
[ info ] [ BEHAVIOR ] Run app\common\behavior\Common @module_init [ RunTime:0.001881s ]
[ info ] [ SESSION ] INIT array (
  'id' => '',
  'var_session_id' => '',
  'prefix' => 'think',
  'type' => '',
  'auto_start' => true,
)
[ info ] [ LANG ] D:\phpstudy_pro\WWW\FastAdmin\public/../application/admin/lang/zh-cn/index.php
[ info ] [ RUN ] app\admin\controller\Index->index[ D:\phpstudy_pro\WWW\FastAdmin\application\admin\controller\Index.php ]
[ info ] [ DB ] INIT mysql
[ info ] [ VIEW ] D:\phpstudy_pro\WWW\FastAdmin\public/../application/admin\view\index\index.html [ array (
  0 => 'breadcrumb',
  1 => 'site',
  2 => 'config',
  3 => 'auth',
  4 => 'admin',
  5 => 'menulist',
  6 => 'navlist',
  7 => 'fixedmenu',
  8 => 'referermenu',
  9 => 'title',
) ]
[ info ] [ BEHAVIOR ] Run app\admin\behavior\AdminLog @app_end [ RunTime:0.000135s ]
[ info ] [ LOG ] INIT File
[ sql ] [ DB ] CONNECT:[ UseTime:0.045658s ] mysql:host=47.57.190.117;dbname=wm;charset=utf8
[ sql ] [ SQL ] SHOW COLUMNS FROM `sys_auth_group_access` [ RunTime:0.029422s ]
[ sql ] [ SQL ] SELECT `aga`.`uid`,`aga`.`group_id`,`ag`.`id`,`ag`.`pid`,`ag`.`name`,`ag`.`rules` FROM `sys_auth_group_access` `aga` LEFT JOIN `sys_auth_group` `ag` ON `aga`.`group_id`=`ag`.`id` WHERE  (  aga.uid='1' and ag.status='normal' ) [ RunTime:0.028798s ]
[ sql ] [ SQL ] SHOW COLUMNS FROM `sys_auth_rule` [ RunTime:0.030008s ]
[ sql ] [ SQL ] SELECT `id`,`pid`,`condition`,`icon`,`name`,`title`,`ismenu` FROM `sys_auth_rule` WHERE  `status` = 'normal' [ RunTime:0.037368s ]
---------------------------------------------------------------
[ 2021-05-29T16:23:35+08:00 ] 127.0.0.1 GET localhost/FastAdmin/public/admin/dashboard?addtabs=1
[运行时间：0.495163s] [吞吐率：2.02req/s] [内存消耗：4,343.20kb] [文件加载：139]
[ info ] [ BEHAVIOR ] Run Closure @app_init [ RunTime:0.000016s ]
[ info ] [ CACHE ] INIT File
[ info ] [ BEHAVIOR ] Run Closure @app_init [ RunTime:0.000934s ]
[ info ] [ LANG ] D:\phpstudy_pro\WWW\FastAdmin\thinkphp\lang\zh-cn.php
[ info ] [ ROUTE ] array (
  'type' => 'module',
  'module' => 
  array (
    0 => 'admin',
    1 => 'dashboard',
    2 => NULL,
  ),
)
[ info ] [ HEADER ] array (
  'upgrade-insecure-requests' => '1',
  'cookie' => 'thinkphp_show_page_trace=0|4; thinkphp_show_page_trace=0|0; Hm_lvt_f8d0a8c400404989e195270b0bbf060a=1621487879,1622080678; PHPSESSID=967758ad5244d8b414a8b0473de50d79; language=zh; Hm_lpvt_f8d0a8c400404989e195270b0bbf060a=1622080678; Admin-Token=78ac1814-28f5-4b1c-bdfc-2c8098e7a118',
  'referer' => 'http://localhost/FastAdmin/public/admin/index/index',
  'connection' => 'close',
  'accept-encoding' => 'gzip, deflate',
  'accept-language' => 'zh-CN,zh;q=0.8,zh-TW;q=0.7,zh-HK;q=0.5,en-US;q=0.3,en;q=0.2',
  'accept' => 'text/html,application/xhtml+xml,application/xml;q=0.9,image/webp,*/*;q=0.8',
  'user-agent' => 'Mozilla/5.0 (Windows NT 10.0; Win64; x64; rv:88.0) Gecko/20100101 Firefox/88.0',
  'host' => 'localhost',
)
[ info ] [ PARAM ] array (
  'addtabs' => '1',
)
[ info ] [ LANG ] D:\phpstudy_pro\WWW\FastAdmin\public/../application/admin\lang\zh-cn.php
[ info ] [ BEHAVIOR ] Run app\common\behavior\Common @module_init [ RunTime:0.001155s ]
[ info ] [ SESSION ] INIT array (
  'id' => '',
  'var_session_id' => '',
  'prefix' => 'think',
  'type' => '',
  'auto_start' => true,
)
[ info ] [ DB ] INIT mysql
[ info ] [ LANG ] D:\phpstudy_pro\WWW\FastAdmin\public/../application/admin/lang/zh-cn/dashboard.php
[ info ] [ RUN ] app\admin\controller\Dashboard->index[ D:\phpstudy_pro\WWW\FastAdmin\application\admin\controller\Dashboard.php ]
[ info ] [ VIEW ] D:\phpstudy_pro\WWW\FastAdmin\public/../application/admin\view\dashboard\index.html [ array (
  0 => 'breadcrumb',
  1 => 'site',
  2 => 'config',
  3 => 'auth',
  4 => 'admin',
  5 => 'totaluser',
  6 => 'totalviews',
  7 => 'totalIp',
  8 => 'totalorderamount',
  9 => 'todayuserlogin',
  10 => 'todayusersignup',
  11 => 'todayorder',
  12 => 'unsettleorder',
  13 => 'sevendnu',
  14 => 'sevendau',
  15 => 'paylist',
  16 => 'createlist',
  17 => 'addonversion',
  18 => 'uploadmode',
) ]
[ info ] [ BEHAVIOR ] Run app\admin\behavior\AdminLog @app_end [ RunTime:0.000136s ]
[ info ] [ LOG ] INIT File
[ sql ] [ DB ] CONNECT:[ UseTime:0.047234s ] mysql:host=47.57.190.117;dbname=wm;charset=utf8
[ sql ] [ SQL ] SHOW COLUMNS FROM `sys_auth_group_access` [ RunTime:0.030460s ]
[ sql ] [ SQL ] SELECT `aga`.`uid`,`aga`.`group_id`,`ag`.`id`,`ag`.`pid`,`ag`.`name`,`ag`.`rules` FROM `sys_auth_group_access` `aga` LEFT JOIN `sys_auth_group` `ag` ON `aga`.`group_id`=`ag`.`id` WHERE  (  aga.uid='1' and ag.status='normal' ) [ RunTime:0.030871s ]
[ sql ] [ SQL ] SHOW COLUMNS FROM `sys_auth_rule` [ RunTime:0.032336s ]
[ sql ] [ SQL ] SELECT `id`,`pid`,`condition`,`icon`,`name`,`title`,`ismenu` FROM `sys_auth_rule` WHERE  `status` = 'normal' [ RunTime:0.030791s ]
[ sql ] [ SQL ] SHOW COLUMNS FROM `sys_user` [ RunTime:0.035698s ]
[ sql ] [ SQL ] SELECT COUNT(id) AS tp_count FROM `sys_user` LIMIT 1 [ RunTime:0.029306s ]
[ sql ] [ SQL ] SHOW COLUMNS FROM `stat_total_day` [ RunTime:0.030139s ]
[ sql ] [ SQL ] SELECT SUM(PV_NUM) AS tp_sum FROM `stat_total_day` LIMIT 1 [ RunTime:0.032819s ]
[ sql ] [ SQL ] SELECT SUM(IP_NUM) AS tp_sum FROM `stat_total_day` LIMIT 1 [ RunTime:0.030758s ]
[ sql ] [ SQL ] SELECT `title`,`remark` FROM `sys_auth_rule` WHERE  `name` = 'dashboard' LIMIT 1 [ RunTime:0.028670s ]
---------------------------------------------------------------
[ 2021-05-29T16:23:35+08:00 ] 127.0.0.1 GET localhost/FastAdmin/public/admin/stat_ad_day?addtabs=1
[运行时间：0.786945s] [吞吐率：1.27req/s] [内存消耗：4,245.45kb] [文件加载：138]
[ info ] [ BEHAVIOR ] Run Closure @app_init [ RunTime:0.000034s ]
[ info ] [ CACHE ] INIT File
[ info ] [ BEHAVIOR ] Run Closure @app_init [ RunTime:0.002102s ]
[ info ] [ LANG ] D:\phpstudy_pro\WWW\FastAdmin\thinkphp\lang\zh-cn.php
[ info ] [ ROUTE ] array (
  'type' => 'module',
  'module' => 
  array (
    0 => 'admin',
    1 => 'stat_ad_day',
    2 => NULL,
  ),
)
[ info ] [ HEADER ] array (
  'upgrade-insecure-requests' => '1',
  'cookie' => 'thinkphp_show_page_trace=0|4; thinkphp_show_page_trace=0|0; Hm_lvt_f8d0a8c400404989e195270b0bbf060a=1621487879,1622080678; PHPSESSID=967758ad5244d8b414a8b0473de50d79; language=zh; Hm_lpvt_f8d0a8c400404989e195270b0bbf060a=1622080678; Admin-Token=78ac1814-28f5-4b1c-bdfc-2c8098e7a118',
  'referer' => 'http://localhost/FastAdmin/public/admin/index/index',
  'connection' => 'close',
  'accept-encoding' => 'gzip, deflate',
  'accept-language' => 'zh-CN,zh;q=0.8,zh-TW;q=0.7,zh-HK;q=0.5,en-US;q=0.3,en;q=0.2',
  'accept' => 'text/html,application/xhtml+xml,application/xml;q=0.9,image/webp,*/*;q=0.8',
  'user-agent' => 'Mozilla/5.0 (Windows NT 10.0; Win64; x64; rv:88.0) Gecko/20100101 Firefox/88.0',
  'host' => 'localhost',
)
[ info ] [ PARAM ] array (
  'addtabs' => '1',
)
[ info ] [ LANG ] D:\phpstudy_pro\WWW\FastAdmin\public/../application/admin\lang\zh-cn.php
[ info ] [ BEHAVIOR ] Run app\common\behavior\Common @module_init [ RunTime:0.002431s ]
[ info ] [ SESSION ] INIT array (
  'id' => '',
  'var_session_id' => '',
  'prefix' => 'think',
  'type' => '',
  'auto_start' => true,
)
[ info ] [ DB ] INIT mysql
[ info ] [ LANG ] D:\phpstudy_pro\WWW\FastAdmin\public/../application/admin/lang/zh-cn/stat_ad_day.php
[ info ] [ DB ] INIT mysql
[ info ] [ RUN ] app\admin\controller\StatAdDay->index[ D:\phpstudy_pro\WWW\FastAdmin\application\admin\controller\StatAdDay.php ]
[ info ] [ VIEW ] D:\phpstudy_pro\WWW\FastAdmin\public/../application/admin\view\stat_ad_day\index.html [ array (
  0 => 'breadcrumb',
  1 => 'site',
  2 => 'config',
  3 => 'auth',
  4 => 'admin',
) ]
[ info ] [ BEHAVIOR ] Run app\admin\behavior\AdminLog @app_end [ RunTime:0.000230s ]
[ info ] [ LOG ] INIT File
[ sql ] [ DB ] CONNECT:[ UseTime:0.043429s ] mysql:host=47.57.190.117;dbname=wm;charset=utf8
[ sql ] [ SQL ] SHOW COLUMNS FROM `sys_auth_group_access` [ RunTime:0.056270s ]
[ sql ] [ SQL ] SELECT `aga`.`uid`,`aga`.`group_id`,`ag`.`id`,`ag`.`pid`,`ag`.`name`,`ag`.`rules` FROM `sys_auth_group_access` `aga` LEFT JOIN `sys_auth_group` `ag` ON `aga`.`group_id`=`ag`.`id` WHERE  (  aga.uid='1' and ag.status='normal' ) [ RunTime:0.031460s ]
[ sql ] [ SQL ] SHOW COLUMNS FROM `sys_auth_rule` [ RunTime:0.029742s ]
[ sql ] [ SQL ] SELECT `id`,`pid`,`condition`,`icon`,`name`,`title`,`ismenu` FROM `sys_auth_rule` WHERE  `status` = 'normal' [ RunTime:0.033664s ]
[ sql ] [ SQL ] SELECT `title`,`remark` FROM `sys_auth_rule` WHERE  `name` = 'statadday' LIMIT 1 [ RunTime:0.030731s ]
---------------------------------------------------------------
[ 2021-05-29T16:23:39+08:00 ] 127.0.0.1 GET localhost/FastAdmin/public/admin/ajax/lang?callback=define&controllername=index&v=1622276614
[运行时间：0.057363s] [吞吐率：17.43req/s] [内存消耗：3,334.91kb] [文件加载：129]
[ info ] [ BEHAVIOR ] Run Closure @app_init [ RunTime:0.000014s ]
[ info ] [ CACHE ] INIT File
[ info ] [ BEHAVIOR ] Run Closure @app_init [ RunTime:0.001052s ]
[ info ] [ LANG ] D:\phpstudy_pro\WWW\FastAdmin\thinkphp\lang\zh-cn.php
[ info ] [ ROUTE ] array (
  'type' => 'module',
  'module' => 
  array (
    0 => 'admin',
    1 => 'ajax',
    2 => 'lang',
  ),
)
[ info ] [ HEADER ] array (
  'cookie' => 'thinkphp_show_page_trace=0|4; thinkphp_show_page_trace=0|0; Hm_lvt_f8d0a8c400404989e195270b0bbf060a=1621487879,1622080678; PHPSESSID=967758ad5244d8b414a8b0473de50d79; language=zh; Hm_lpvt_f8d0a8c400404989e195270b0bbf060a=1622080678; Admin-Token=78ac1814-28f5-4b1c-bdfc-2c8098e7a118',
  'referer' => 'http://localhost/FastAdmin/public/admin/index/index',
  'connection' => 'close',
  'accept-encoding' => 'gzip, deflate',
  'accept-language' => 'zh-CN,zh;q=0.8,zh-TW;q=0.7,zh-HK;q=0.5,en-US;q=0.3,en;q=0.2',
  'accept' => '*/*',
  'user-agent' => 'Mozilla/5.0 (Windows NT 10.0; Win64; x64; rv:88.0) Gecko/20100101 Firefox/88.0',
  'host' => 'localhost',
)
[ info ] [ PARAM ] array (
  'callback' => 'define',
  'controllername' => 'index',
  'v' => '1622276614',
)
[ info ] [ LANG ] D:\phpstudy_pro\WWW\FastAdmin\public/../application/admin\lang\zh-cn.php
[ info ] [ BEHAVIOR ] Run app\common\behavior\Common @module_init [ RunTime:0.001229s ]
[ info ] [ SESSION ] INIT array (
  'id' => '',
  'var_session_id' => '',
  'prefix' => 'think',
  'type' => '',
  'auto_start' => true,
)
[ info ] [ LANG ] D:\phpstudy_pro\WWW\FastAdmin\public/../application/admin/lang/zh-cn/ajax.php
[ info ] [ RUN ] app\admin\controller\Ajax->lang[ D:\phpstudy_pro\WWW\FastAdmin\application\admin\controller\Ajax.php ]
[ info ] [ LANG ] D:\phpstudy_pro\WWW\FastAdmin\public/../application/admin/lang/zh-cn/index.php
[ info ] [ BEHAVIOR ] Run app\admin\behavior\AdminLog @app_end [ RunTime:0.000200s ]
[ info ] [ LOG ] INIT File
---------------------------------------------------------------
[ 2021-05-29T16:23:39+08:00 ] 127.0.0.1 GET localhost/FastAdmin/public/admin/ajax/lang?callback=define&controllername=dashboard&v=1622276614
[运行时间：0.027983s] [吞吐率：35.74req/s] [内存消耗：3,333.67kb] [文件加载：129]
[ info ] [ BEHAVIOR ] Run Closure @app_init [ RunTime:0.000011s ]
[ info ] [ CACHE ] INIT File
[ info ] [ BEHAVIOR ] Run Closure @app_init [ RunTime:0.000880s ]
[ info ] [ LANG ] D:\phpstudy_pro\WWW\FastAdmin\thinkphp\lang\zh-cn.php
[ info ] [ ROUTE ] array (
  'type' => 'module',
  'module' => 
  array (
    0 => 'admin',
    1 => 'ajax',
    2 => 'lang',
  ),
)
[ info ] [ HEADER ] array (
  'cookie' => 'thinkphp_show_page_trace=0|4; thinkphp_show_page_trace=0|0; Hm_lvt_f8d0a8c400404989e195270b0bbf060a=1621487879,1622080678; PHPSESSID=967758ad5244d8b414a8b0473de50d79; language=zh; Hm_lpvt_f8d0a8c400404989e195270b0bbf060a=1622080678; Admin-Token=78ac1814-28f5-4b1c-bdfc-2c8098e7a118',
  'referer' => 'http://localhost/FastAdmin/public/admin/dashboard?addtabs=1',
  'connection' => 'close',
  'accept-encoding' => 'gzip, deflate',
  'accept-language' => 'zh-CN,zh;q=0.8,zh-TW;q=0.7,zh-HK;q=0.5,en-US;q=0.3,en;q=0.2',
  'accept' => '*/*',
  'user-agent' => 'Mozilla/5.0 (Windows NT 10.0; Win64; x64; rv:88.0) Gecko/20100101 Firefox/88.0',
  'host' => 'localhost',
)
[ info ] [ PARAM ] array (
  'callback' => 'define',
  'controllername' => 'dashboard',
  'v' => '1622276614',
)
[ info ] [ LANG ] D:\phpstudy_pro\WWW\FastAdmin\public/../application/admin\lang\zh-cn.php
[ info ] [ BEHAVIOR ] Run app\common\behavior\Common @module_init [ RunTime:0.001010s ]
[ info ] [ SESSION ] INIT array (
  'id' => '',
  'var_session_id' => '',
  'prefix' => 'think',
  'type' => '',
  'auto_start' => true,
)
[ info ] [ LANG ] D:\phpstudy_pro\WWW\FastAdmin\public/../application/admin/lang/zh-cn/ajax.php
[ info ] [ RUN ] app\admin\controller\Ajax->lang[ D:\phpstudy_pro\WWW\FastAdmin\application\admin\controller\Ajax.php ]
[ info ] [ LANG ] D:\phpstudy_pro\WWW\FastAdmin\public/../application/admin/lang/zh-cn/dashboard.php
[ info ] [ BEHAVIOR ] Run app\admin\behavior\AdminLog @app_end [ RunTime:0.000119s ]
[ info ] [ LOG ] INIT File
---------------------------------------------------------------
[ 2021-05-29T16:23:39+08:00 ] 127.0.0.1 GET localhost/FastAdmin/public/admin/ajax/lang?callback=define&controllername=stat_ad_day&v=1622276614
[运行时间：0.028027s] [吞吐率：35.68req/s] [内存消耗：3,331.61kb] [文件加载：129]
[ info ] [ BEHAVIOR ] Run Closure @app_init [ RunTime:0.000010s ]
[ info ] [ CACHE ] INIT File
[ info ] [ BEHAVIOR ] Run Closure @app_init [ RunTime:0.000885s ]
[ info ] [ LANG ] D:\phpstudy_pro\WWW\FastAdmin\thinkphp\lang\zh-cn.php
[ info ] [ ROUTE ] array (
  'type' => 'module',
  'module' => 
  array (
    0 => 'admin',
    1 => 'ajax',
    2 => 'lang',
  ),
)
[ info ] [ HEADER ] array (
  'cookie' => 'thinkphp_show_page_trace=0|4; thinkphp_show_page_trace=0|0; Hm_lvt_f8d0a8c400404989e195270b0bbf060a=1621487879,1622080678; PHPSESSID=967758ad5244d8b414a8b0473de50d79; language=zh; Hm_lpvt_f8d0a8c400404989e195270b0bbf060a=1622080678; Admin-Token=78ac1814-28f5-4b1c-bdfc-2c8098e7a118',
  'referer' => 'http://localhost/FastAdmin/public/admin/stat_ad_day?addtabs=1',
  'connection' => 'close',
  'accept-encoding' => 'gzip, deflate',
  'accept-language' => 'zh-CN,zh;q=0.8,zh-TW;q=0.7,zh-HK;q=0.5,en-US;q=0.3,en;q=0.2',
  'accept' => '*/*',
  'user-agent' => 'Mozilla/5.0 (Windows NT 10.0; Win64; x64; rv:88.0) Gecko/20100101 Firefox/88.0',
  'host' => 'localhost',
)
[ info ] [ PARAM ] array (
  'callback' => 'define',
  'controllername' => 'stat_ad_day',
  'v' => '1622276614',
)
[ info ] [ LANG ] D:\phpstudy_pro\WWW\FastAdmin\public/../application/admin\lang\zh-cn.php
[ info ] [ BEHAVIOR ] Run app\common\behavior\Common @module_init [ RunTime:0.000957s ]
[ info ] [ SESSION ] INIT array (
  'id' => '',
  'var_session_id' => '',
  'prefix' => 'think',
  'type' => '',
  'auto_start' => true,
)
[ info ] [ LANG ] D:\phpstudy_pro\WWW\FastAdmin\public/../application/admin/lang/zh-cn/ajax.php
[ info ] [ RUN ] app\admin\controller\Ajax->lang[ D:\phpstudy_pro\WWW\FastAdmin\application\admin\controller\Ajax.php ]
[ info ] [ LANG ] D:\phpstudy_pro\WWW\FastAdmin\public/../application/admin/lang/zh-cn/stat_ad_day.php
[ info ] [ BEHAVIOR ] Run app\admin\behavior\AdminLog @app_end [ RunTime:0.000124s ]
[ info ] [ LOG ] INIT File
---------------------------------------------------------------
[ 2021-05-29T16:23:45+08:00 ] 127.0.0.1 GET localhost/FastAdmin/public/admin/stat_ad_day/index?addtabs=1&sort=ID&order=desc&offset=0&limit=10&filter=%7B%7D&op=%7B%7D&_=1622276617791
[运行时间：0.354102s] [吞吐率：2.82req/s] [内存消耗：4,296.74kb] [文件加载：137]
[ info ] [ BEHAVIOR ] Run Closure @app_init [ RunTime:0.000014s ]
[ info ] [ CACHE ] INIT File
[ info ] [ BEHAVIOR ] Run Closure @app_init [ RunTime:0.001107s ]
[ info ] [ LANG ] D:\phpstudy_pro\WWW\FastAdmin\thinkphp\lang\zh-cn.php
[ info ] [ ROUTE ] array (
  'type' => 'module',
  'module' => 
  array (
    0 => 'admin',
    1 => 'stat_ad_day',
    2 => 'index',
  ),
)
[ info ] [ HEADER ] array (
  'cookie' => 'thinkphp_show_page_trace=0|4; thinkphp_show_page_trace=0|0; Hm_lvt_f8d0a8c400404989e195270b0bbf060a=1621487879,1622080678; PHPSESSID=967758ad5244d8b414a8b0473de50d79; language=zh; Hm_lpvt_f8d0a8c400404989e195270b0bbf060a=1622080678; Admin-Token=78ac1814-28f5-4b1c-bdfc-2c8098e7a118',
  'referer' => 'http://localhost/FastAdmin/public/admin/stat_ad_day?addtabs=1',
  'connection' => 'close',
  'x-requested-with' => 'XMLHttpRequest',
  'content-type' => 'application/json',
  'accept-encoding' => 'gzip, deflate',
  'accept-language' => 'zh-CN,zh;q=0.8,zh-TW;q=0.7,zh-HK;q=0.5,en-US;q=0.3,en;q=0.2',
  'accept' => 'application/json, text/javascript, */*; q=0.01',
  'user-agent' => 'Mozilla/5.0 (Windows NT 10.0; Win64; x64; rv:88.0) Gecko/20100101 Firefox/88.0',
  'host' => 'localhost',
)
[ info ] [ PARAM ] array (
  'addtabs' => '1',
  'sort' => 'ID',
  'order' => 'desc',
  'offset' => '0',
  'limit' => '10',
  'filter' => '{}',
  'op' => '{}',
  '_' => '1622276617791',
)
[ info ] [ LANG ] D:\phpstudy_pro\WWW\FastAdmin\public/../application/admin\lang\zh-cn.php
[ info ] [ BEHAVIOR ] Run app\common\behavior\Common @module_init [ RunTime:0.001051s ]
[ info ] [ SESSION ] INIT array (
  'id' => '',
  'var_session_id' => '',
  'prefix' => 'think',
  'type' => '',
  'auto_start' => true,
)
[ info ] [ DB ] INIT mysql
[ info ] [ LANG ] D:\phpstudy_pro\WWW\FastAdmin\public/../application/admin/lang/zh-cn/stat_ad_day.php
[ info ] [ DB ] INIT mysql
[ info ] [ RUN ] app\admin\controller\StatAdDay->index[ D:\phpstudy_pro\WWW\FastAdmin\application\admin\controller\StatAdDay.php ]
[ info ] [ BEHAVIOR ] Run app\admin\behavior\AdminLog @app_end [ RunTime:0.000160s ]
[ info ] [ LOG ] INIT File
[ sql ] [ DB ] CONNECT:[ UseTime:0.041595s ] mysql:host=47.57.190.117;dbname=wm;charset=utf8
[ sql ] [ SQL ] SHOW COLUMNS FROM `sys_auth_group_access` [ RunTime:0.028302s ]
[ sql ] [ SQL ] SELECT `aga`.`uid`,`aga`.`group_id`,`ag`.`id`,`ag`.`pid`,`ag`.`name`,`ag`.`rules` FROM `sys_auth_group_access` `aga` LEFT JOIN `sys_auth_group` `ag` ON `aga`.`group_id`=`ag`.`id` WHERE  (  aga.uid='1' and ag.status='normal' ) [ RunTime:0.027840s ]
[ sql ] [ SQL ] SHOW COLUMNS FROM `sys_auth_rule` [ RunTime:0.030957s ]
[ sql ] [ SQL ] SELECT `id`,`pid`,`condition`,`icon`,`name`,`title`,`ismenu` FROM `sys_auth_rule` WHERE  `status` = 'normal' [ RunTime:0.030027s ]
[ sql ] [ DB ] CONNECT:[ UseTime:0.049667s ] mysql:host=47.57.190.117;dbname=wm;charset=utf8
[ sql ] [ SQL ] SHOW COLUMNS FROM `stat_ad_day` [ RunTime:0.038204s ]
[ sql ] [ SQL ] SELECT COUNT(*) AS tp_count FROM `stat_ad_day` ORDER BY `ID` DESC LIMIT 1 [ RunTime:0.031690s ]
[ sql ] [ SQL ] SELECT STAT_DATE, SUM(PV_NUM) as PV_NUM,SUM(UV_NUM) as UV_NUM,SUM(IP_NUM) as IP_NUM,SUM(CLICK_NUM) as CLICK_NUM,SUM(CLICK_UV_NUM) as CLICK_UV_NUM,
                    SUM(CLICK_IP_NUM) as CLICK_IP_NUM,SUM(AD_USER_SPEND) as AD_USER_SPEND,SUM(SITE_USER_PROFIT) as SITE_USER_PROFIT,
                    SUM(ADMIN_USER_PROFIT) as ADMIN_USER_PROFIT,SUM(CUSTOMER_USER_PROFIT) as CUSTOMER_USER_PROFIT,SUM(BUSINESS_USER_PROFIT) as BUSINESS_USER_PROFIT
                    FROM stat_ad_day 
                    GROUP BY STAT_DATE /*having STAT_DATE = 20210528*/ ORDER BY STAT_DATE DESC [ RunTime:0.028184s ]
